<?xml version="1.0"?>
<testsuites>
  <testsuite name="Chrome 25.0 (Mac)" package="undefined" timestamp="2013-03-20T22:54:34" id="0" hostname="wifi-131-179-63-174.host.ucla.edu" tests="13" errors="0" failures="0" time="0.095">
    <properties>
      <property name="browser.fullName" value="Mozilla/5.0 (Macintosh; Intel Mac OS X 10_8_2) AppleWebKit/537.22 (KHTML, like Gecko) Chrome/25.0.1364.160 Safari/537.22"/>
    </properties>
    <testcase name="should print current version" time="0.032" classname="Chrome 25.0 (Mac).directives app-version"/>
    <testcase name="should replace VERSION" time="0.003" classname="Chrome 25.0 (Mac).filter interpolate"/>
    <testcase name="should have a pubSub service" time="0.002" classname="Chrome 25.0 (Mac).Mediator publish function"/>
    <testcase name="is an accessible function" time="0.002" classname="Chrome 25.0 (Mac).Mediator publish function"/>
    <testcase name="should publish to a channel" time="0.005" classname="Chrome 25.0 (Mac).Mediator publish function"/>
    <testcase name="is an accessible function" time="0.001" classname="Chrome 25.0 (Mac).Mediator subscribe function"/>
    <testcase name="should subscribe to a channel" time="0.004" classname="Chrome 25.0 (Mac).Mediator subscribe function"/>
    <testcase name="returns false if callback is not a function" time="0.001" classname="Chrome 25.0 (Mac).Mediator subscribe function"/>
    <testcase name="subscribes a function to several channels" time="0.003" classname="Chrome 25.0 (Mac).Mediator subscribe function"/>
    <testcase name="subscribes several functions to several channels" time="0.005" classname="Chrome 25.0 (Mac).Mediator subscribe function"/>
    <testcase name="removes a subscription from a channel" time="0.033" classname="Chrome 25.0 (Mac).Mediator unsubscribe function"/>
    <testcase name="removes a cb function from all channels" time="0.003" classname="Chrome 25.0 (Mac).Mediator unsubscribe function"/>
    <testcase name="should return current version" time="0.001" classname="Chrome 25.0 (Mac).service version"/>
    <system-out><![CDATA[Chrome 25.0 (Mac) LOG: 'successfully subscribed'
,Chrome 25.0 (Mac) LOG: { 'test channel': [ { token: 15 } ] }
,Chrome 25.0 (Mac) LOG: 'successfully subscribed'
,Chrome 25.0 (Mac) LOG: { 'test channel': [ { token: 15 } ] }
,Chrome 25.0 (Mac) LOG: 'successfully subscribed'
,Chrome 25.0 (Mac) LOG: { a: [ { token: 15 } ] }
,Chrome 25.0 (Mac) LOG: 'successfully subscribed'
,Chrome 25.0 (Mac) LOG: { a: [ { token: 15 } ], b: [ { token: 16 } ] }
,Chrome 25.0 (Mac) LOG: 'TEST -- subscribes several functions to several channels'
,Chrome 25.0 (Mac) LOG: 'successfully subscribed'
,Chrome 25.0 (Mac) LOG: { a: [ { token: 15 } ] }
,Chrome 25.0 (Mac) LOG: 'successfully subscribed'
,Chrome 25.0 (Mac) LOG: { a: [ { token: 15 } ], b: [ { token: 16 } ] }
,Chrome 25.0 (Mac) LOG: 'TEST -- should unsubscribe from a channel'
,Chrome 25.0 (Mac) LOG: 'successfully subscribed'
,Chrome 25.0 (Mac) LOG: { 'test channel': [ { token: 15 } ] }
,Chrome 25.0 (Mac) LOG: 'successfully unsubscribed'
,Chrome 25.0 (Mac) LOG: 'TEST -- should unsubscribe from a channel'
,Chrome 25.0 (Mac) LOG: 'successfully subscribed'
,Chrome 25.0 (Mac) LOG: { 'test channel': [ { token: 15 } ] }
,Chrome 25.0 (Mac) LOG: 'successfully unsubscribed'
,Chrome 25.0 (Mac) LOG: 'successfully subscribed'
,Chrome 25.0 (Mac) LOG: { 'test channel': [ { token: 15 } ] }
,Chrome 25.0 (Mac) LOG: 'successfully subscribed'
,Chrome 25.0 (Mac) LOG: { 'test channel': [ { token: 15 } ] }
,Chrome 25.0 (Mac) LOG: 'returns false if callback is not a function'
,Chrome 25.0 (Mac) LOG: 'TEST -- subscribes a function to several channels'
,Chrome 25.0 (Mac) LOG: 'successfully subscribed'
,Chrome 25.0 (Mac) LOG: { a: [ { token: 15 } ] }
,Chrome 25.0 (Mac) LOG: 'successfully subscribed'
,Chrome 25.0 (Mac) LOG: { a: [ { token: 15 } ], b: [ { token: 16 } ] }
,Chrome 25.0 (Mac) LOG: 'TEST -- subscribes several functions to several channels'
,Chrome 25.0 (Mac) LOG: 'successfully subscribed'
,Chrome 25.0 (Mac) LOG: { a: [ { token: 15 } ] }
,Chrome 25.0 (Mac) LOG: 'successfully subscribed'
,Chrome 25.0 (Mac) LOG: { a: [ { token: 15 } ], b: [ { token: 16 } ] }
,Chrome 25.0 (Mac) LOG: 'TEST -- should unsubscribe from a channel'
,Chrome 25.0 (Mac) LOG: 'successfully subscribed'
,Chrome 25.0 (Mac) LOG: { 'test channel': [ { token: 15 } ] }
,Chrome 25.0 (Mac) LOG: 'successfully unsubscribed'
,Chrome 25.0 (Mac) LOG: 'TEST -- removes a cb function from all channels'
,Chrome 25.0 (Mac) LOG: 'successfully subscribed'
,Chrome 25.0 (Mac) LOG: { 'test channel': [ { token: 15 } ] }
,Chrome 25.0 (Mac) LOG: 'successfully unsubscribed'
,Chrome 25.0 (Mac) LOG: 'successfully subscribed'
,Chrome 25.0 (Mac) LOG: { 'test channel': [ { token: 15 } ] }
,Chrome 25.0 (Mac) LOG: 'is an accessible function'
,Chrome 25.0 (Mac) LOG: 'hould subscribe to a channel'
,Chrome 25.0 (Mac) LOG: 'successfully subscribed'
,Chrome 25.0 (Mac) LOG: { 'test channel': [ { token: 15 } ] }
,Chrome 25.0 (Mac) LOG: 'returns false if callback is not a function'
,Chrome 25.0 (Mac) LOG: 'TEST -- subscribes a function to several channels'
,Chrome 25.0 (Mac) LOG: 'successfully subscribed'
,Chrome 25.0 (Mac) LOG: { a: [ { token: 15 } ] }
,Chrome 25.0 (Mac) LOG: 'successfully subscribed'
,Chrome 25.0 (Mac) LOG: { a: [ { token: 15 } ], b: [ { token: 16 } ] }
,Chrome 25.0 (Mac) LOG: 'TEST -- subscribes several functions to several channels'
,Chrome 25.0 (Mac) LOG: 'successfully subscribed'
,Chrome 25.0 (Mac) LOG: { a: [ { token: 15 } ] }
,Chrome 25.0 (Mac) LOG: 'successfully subscribed'
,Chrome 25.0 (Mac) LOG: { a: [ { token: 15 } ], b: [ { token: 16 } ] }
,Chrome 25.0 (Mac) LOG: 'TEST -- should unsubscribe from a channel'
,Chrome 25.0 (Mac) LOG: 'successfully subscribed'
,Chrome 25.0 (Mac) LOG: { 'test channel': [ { token: 15 } ] }
,Chrome 25.0 (Mac) LOG: 'successfully unsubscribed'
,Chrome 25.0 (Mac) LOG: 'TEST -- removes a cb function from all channels'
,Chrome 25.0 (Mac) LOG: 'successfully subscribed'
,Chrome 25.0 (Mac) LOG: { 'test channel': [ { token: 15 } ] }
,Chrome 25.0 (Mac) LOG: 'successfully unsubscribed'
,Chrome 25.0 (Mac) LOG: 'successfully subscribed'
,Chrome 25.0 (Mac) LOG: { 'test channel': [ { token: 15 } ] }
,Chrome 25.0 (Mac) LOG: 'is an accessible function'
,Chrome 25.0 (Mac) LOG: 'should subscribe to a channel'
,Chrome 25.0 (Mac) LOG: 'successfully subscribed'
,Chrome 25.0 (Mac) LOG: { 'test channel': [ { token: 15 } ] }
,Chrome 25.0 (Mac) LOG: 'returns false if callback is not a function'
,Chrome 25.0 (Mac) LOG: 'TEST -- subscribes a function to several channels'
,Chrome 25.0 (Mac) LOG: 'successfully subscribed'
,Chrome 25.0 (Mac) LOG: { a: [ { token: 15 } ] }
,Chrome 25.0 (Mac) LOG: 'successfully subscribed'
,Chrome 25.0 (Mac) LOG: { a: [ { token: 15 } ], b: [ { token: 16 } ] }
,Chrome 25.0 (Mac) LOG: 'TEST -- subscribes several functions to several channels'
,Chrome 25.0 (Mac) LOG: 'successfully subscribed'
,Chrome 25.0 (Mac) LOG: { a: [ { token: 15 } ] }
,Chrome 25.0 (Mac) LOG: 'successfully subscribed'
,Chrome 25.0 (Mac) LOG: { a: [ { token: 15 } ], b: [ { token: 16 } ] }
,Chrome 25.0 (Mac) LOG: 'TEST -- should unsubscribe from a channel'
,Chrome 25.0 (Mac) LOG: 'successfully subscribed'
,Chrome 25.0 (Mac) LOG: { 'test channel': [ { token: 15 } ] }
,Chrome 25.0 (Mac) LOG: 'successfully unsubscribed'
,Chrome 25.0 (Mac) LOG: 'TEST -- removes a cb function from all channels'
,Chrome 25.0 (Mac) LOG: 'successfully subscribed'
,Chrome 25.0 (Mac) LOG: { 'test channel': [ { token: 15 } ] }
,Chrome 25.0 (Mac) LOG: 'successfully unsubscribed'
,Chrome 25.0 (Mac) LOG: 'TEST -- it should have a pubSub service'
,Chrome 25.0 (Mac) LOG: 'TEST -- it is an accessible function'
,Chrome 25.0 (Mac) LOG: 'TEST -- it should publish to a channel'
,Chrome 25.0 (Mac) LOG: 'successfully subscribed'
,Chrome 25.0 (Mac) LOG: { 'test channel': [ { token: 15 } ] }
,Chrome 25.0 (Mac) LOG: 'TEST -- it is an accessible function'
,Chrome 25.0 (Mac) LOG: 'TEST -- it should subscribe to a channel'
,Chrome 25.0 (Mac) LOG: 'successfully subscribed'
,Chrome 25.0 (Mac) LOG: { 'test channel': [ { token: 15 } ] }
,Chrome 25.0 (Mac) LOG: 'TEST -- it returns false if callback is not a function'
,Chrome 25.0 (Mac) LOG: 'TEST -- it subscribes a function to several channels'
,Chrome 25.0 (Mac) LOG: 'successfully subscribed'
,Chrome 25.0 (Mac) LOG: { a: [ { token: 15 } ] }
,Chrome 25.0 (Mac) LOG: 'successfully subscribed'
,Chrome 25.0 (Mac) LOG: { a: [ { token: 15 } ], b: [ { token: 16 } ] }
,Chrome 25.0 (Mac) LOG: 'TEST -- it subscribes several functions to several channels'
,Chrome 25.0 (Mac) LOG: 'successfully subscribed'
,Chrome 25.0 (Mac) LOG: { a: [ { token: 15 } ] }
,Chrome 25.0 (Mac) LOG: 'successfully subscribed'
,Chrome 25.0 (Mac) LOG: { a: [ { token: 15 } ], b: [ { token: 16 } ] }
,Chrome 25.0 (Mac) LOG: 'TEST -- it should unsubscribe from a channel'
,Chrome 25.0 (Mac) LOG: 'successfully subscribed'
,Chrome 25.0 (Mac) LOG: { 'test channel': [ { token: 15 } ] }
,Chrome 25.0 (Mac) LOG: 'successfully unsubscribed'
,Chrome 25.0 (Mac) LOG: 'TEST -- it removes a cb function from all channels'
,Chrome 25.0 (Mac) LOG: 'successfully subscribed'
,Chrome 25.0 (Mac) LOG: { 'test channel': [ { token: 15 } ] }
,Chrome 25.0 (Mac) LOG: 'successfully unsubscribed'

]]></system-out>
    <system-err/>
  </testsuite>
</testsuites>
